2025-08-05 07:47:59.060 [main] DEBUG org.testng.TestNG - suiteXmlPath: "/app/testng.xml"
2025-08-05 07:47:59.099 [main] INFO  org.testng.internal.Utils - [XmlSuite] [WARN] 'parallel' value 'false' is no longer valid, defaulting to 'none'.
2025-08-05 07:47:59.537 [main] INFO  api.tests.UserTests - Setup completed for UserTests
2025-08-05 07:47:59.549 [main] INFO  api.tests.UserTests - Starting test: test_createUser
2025-08-05 07:47:59.550 [main] INFO  api.tests.UserTests - Creating user with username: apitestuser123
2025-08-05 07:48:02.970 [main] DEBUG api.tests.UserTests - Response: {
    "code": 200,
    "type": "unknown",
    "message": "12345"
}
2025-08-05 07:48:02.972 [main] INFO  api.tests.UserTests - User created successfully: apitestuser123
2025-08-05 07:48:02.981 [main] INFO  api.tests.UserTests - Starting test: test_getUserByName
2025-08-05 07:48:02.982 [main] INFO  api.tests.UserTests - Fetching user with username: apitestuser123
2025-08-05 07:48:04.212 [main] DEBUG api.tests.UserTests - Response: {
    "id": 12345,
    "username": "apitestuser123",
    "firstName": "Meralyn",
    "lastName": "Berge",
    "email": "jamila.wiegand@example.com",
    "password": "Test@123",
    "phone": "1234567890",
    "userStatus": 1
}
2025-08-05 07:48:04.215 [main] INFO  api.tests.UserTests - User fetched successfully: apitestuser123
2025-08-05 07:48:04.222 [main] INFO  api.tests.UserTests - Starting test: test_modifyUser
2025-08-05 07:48:04.223 [main] INFO  api.tests.UserTests - Modifying user with username: apitestuser123
2025-08-05 07:48:05.821 [main] DEBUG api.tests.UserTests - Response: {
    "code": 200,
    "type": "unknown",
    "message": "12345"
}
2025-08-05 07:48:05.823 [main] INFO  api.tests.UserTests - User modified successfully: apitestuser123
2025-08-05 07:48:05.830 [main] INFO  api.tests.UserTests - Starting test: test_deleteUserByName
2025-08-05 07:48:05.831 [main] INFO  api.tests.UserTests - Deleting user with username: apitestuser123
2025-08-05 07:48:07.418 [main] DEBUG api.tests.UserTests - Response: {
    "code": 200,
    "type": "unknown",
    "message": "apitestuser123"
}
2025-08-05 07:48:07.420 [main] INFO  api.tests.UserTests - User deleted successfully: apitestuser123
2025-08-05 07:48:07.427 [main] INFO  api.tests.UserTests - Starting test: test_createUser
2025-08-05 07:48:07.429 [main] INFO  api.tests.UserTests - Creating user with username: apitestuser123
2025-08-05 07:48:08.673 [main] DEBUG api.tests.UserTests - Response: {
    "code": 200,
    "type": "unknown",
    "message": "12345"
}
2025-08-05 07:48:08.675 [main] INFO  api.tests.UserTests - User created successfully: apitestuser123
2025-08-05 07:48:08.682 [main] INFO  api.tests.UserTests - Starting test: test_getUserByName
2025-08-05 07:48:08.684 [main] INFO  api.tests.UserTests - Fetching user with username: apitestuser123
2025-08-05 07:48:09.949 [main] DEBUG api.tests.UserTests - Response: {
    "id": 12345,
    "username": "apitestuser123",
    "firstName": "Rupert Crabb",
    "lastName": "Kshlerin",
    "email": "kathryne.russel@example.com",
    "password": "Test@123",
    "phone": "1234567890",
    "userStatus": 1
}
2025-08-05 07:48:09.951 [main] INFO  api.tests.UserTests - User fetched successfully: apitestuser123
2025-08-05 07:48:09.958 [main] INFO  api.tests.UserTests - Starting test: test_modifyUser
2025-08-05 07:48:09.959 [main] INFO  api.tests.UserTests - Modifying user with username: apitestuser123
2025-08-05 07:48:11.272 [main] DEBUG api.tests.UserTests - Response: {
    "code": 200,
    "type": "unknown",
    "message": "12345"
}
2025-08-05 07:48:11.273 [main] INFO  api.tests.UserTests - User modified successfully: apitestuser123
2025-08-05 07:48:11.279 [main] INFO  api.tests.UserTests - Starting test: test_deleteUserByName
2025-08-05 07:48:11.280 [main] INFO  api.tests.UserTests - Deleting user with username: apitestuser123
2025-08-05 07:48:12.666 [main] DEBUG api.tests.UserTests - Response: {
    "code": 200,
    "type": "unknown",
    "message": "apitestuser123"
}
2025-08-05 07:48:12.666 [main] INFO  api.tests.UserTests - User deleted successfully: apitestuser123
2025-08-05 07:48:13.080 [main] DEBUG org.apache.poi.openxml4j.opc.PackageRelationshipCollection - Parsing relationship: /xl/_rels/workbook.xml.rels
2025-08-05 07:48:13.082 [main] DEBUG org.apache.poi.openxml4j.opc.PackageRelationshipCollection - Parsing relationship: /_rels/.rels
2025-08-05 07:48:13.440 [main] DEBUG org.apache.poi.openxml4j.opc.PackageRelationshipCollection - Parsing relationship: /xl/_rels/workbook.xml.rels
2025-08-05 07:48:13.441 [main] DEBUG org.apache.poi.openxml4j.opc.PackageRelationshipCollection - Parsing relationship: /_rels/.rels
2025-08-05 07:48:13.471 [main] DEBUG org.apache.poi.openxml4j.opc.PackageRelationshipCollection - Parsing relationship: /xl/_rels/workbook.xml.rels
2025-08-05 07:48:13.473 [main] DEBUG org.apache.poi.openxml4j.opc.PackageRelationshipCollection - Parsing relationship: /_rels/.rels
2025-08-05 07:48:13.504 [main] DEBUG org.apache.poi.openxml4j.opc.PackageRelationshipCollection - Parsing relationship: /xl/_rels/workbook.xml.rels
2025-08-05 07:48:13.506 [main] DEBUG org.apache.poi.openxml4j.opc.PackageRelationshipCollection - Parsing relationship: /_rels/.rels
2025-08-05 07:48:13.526 [main] DEBUG org.apache.poi.openxml4j.opc.PackageRelationshipCollection - Parsing relationship: /xl/_rels/workbook.xml.rels
2025-08-05 07:48:13.526 [main] DEBUG org.apache.poi.openxml4j.opc.PackageRelationshipCollection - Parsing relationship: /_rels/.rels
2025-08-05 07:48:13.543 [main] DEBUG org.apache.poi.openxml4j.opc.PackageRelationshipCollection - Parsing relationship: /xl/_rels/workbook.xml.rels
2025-08-05 07:48:13.544 [main] DEBUG org.apache.poi.openxml4j.opc.PackageRelationshipCollection - Parsing relationship: /_rels/.rels
2025-08-05 07:48:13.558 [main] DEBUG org.apache.poi.openxml4j.opc.PackageRelationshipCollection - Parsing relationship: /xl/_rels/workbook.xml.rels
2025-08-05 07:48:13.559 [main] DEBUG org.apache.poi.openxml4j.opc.PackageRelationshipCollection - Parsing relationship: /_rels/.rels
2025-08-05 07:48:13.573 [main] DEBUG org.apache.poi.openxml4j.opc.PackageRelationshipCollection - Parsing relationship: /xl/_rels/workbook.xml.rels
2025-08-05 07:48:13.574 [main] DEBUG org.apache.poi.openxml4j.opc.PackageRelationshipCollection - Parsing relationship: /_rels/.rels
2025-08-05 07:48:13.587 [main] DEBUG org.apache.poi.openxml4j.opc.PackageRelationshipCollection - Parsing relationship: /xl/_rels/workbook.xml.rels
2025-08-05 07:48:13.588 [main] DEBUG org.apache.poi.openxml4j.opc.PackageRelationshipCollection - Parsing relationship: /_rels/.rels
2025-08-05 07:48:13.601 [main] DEBUG org.apache.poi.openxml4j.opc.PackageRelationshipCollection - Parsing relationship: /xl/_rels/workbook.xml.rels
2025-08-05 07:48:13.602 [main] DEBUG org.apache.poi.openxml4j.opc.PackageRelationshipCollection - Parsing relationship: /_rels/.rels
2025-08-05 07:48:13.619 [main] DEBUG org.apache.poi.openxml4j.opc.PackageRelationshipCollection - Parsing relationship: /xl/_rels/workbook.xml.rels
2025-08-05 07:48:13.620 [main] DEBUG org.apache.poi.openxml4j.opc.PackageRelationshipCollection - Parsing relationship: /_rels/.rels
2025-08-05 07:48:13.638 [main] DEBUG org.apache.poi.openxml4j.opc.PackageRelationshipCollection - Parsing relationship: /xl/_rels/workbook.xml.rels
2025-08-05 07:48:13.639 [main] DEBUG org.apache.poi.openxml4j.opc.PackageRelationshipCollection - Parsing relationship: /_rels/.rels
2025-08-05 07:48:13.655 [main] DEBUG org.apache.poi.openxml4j.opc.PackageRelationshipCollection - Parsing relationship: /xl/_rels/workbook.xml.rels
2025-08-05 07:48:13.656 [main] DEBUG org.apache.poi.openxml4j.opc.PackageRelationshipCollection - Parsing relationship: /_rels/.rels
2025-08-05 07:48:13.672 [main] DEBUG org.apache.poi.openxml4j.opc.PackageRelationshipCollection - Parsing relationship: /xl/_rels/workbook.xml.rels
2025-08-05 07:48:13.674 [main] DEBUG org.apache.poi.openxml4j.opc.PackageRelationshipCollection - Parsing relationship: /_rels/.rels
2025-08-05 07:48:13.688 [main] DEBUG org.apache.poi.openxml4j.opc.PackageRelationshipCollection - Parsing relationship: /xl/_rels/workbook.xml.rels
2025-08-05 07:48:13.690 [main] DEBUG org.apache.poi.openxml4j.opc.PackageRelationshipCollection - Parsing relationship: /_rels/.rels
2025-08-05 07:48:13.704 [main] DEBUG org.apache.poi.openxml4j.opc.PackageRelationshipCollection - Parsing relationship: /xl/_rels/workbook.xml.rels
2025-08-05 07:48:13.705 [main] DEBUG org.apache.poi.openxml4j.opc.PackageRelationshipCollection - Parsing relationship: /_rels/.rels
2025-08-05 07:48:13.727 [main] DEBUG org.apache.poi.openxml4j.opc.PackageRelationshipCollection - Parsing relationship: /xl/_rels/workbook.xml.rels
2025-08-05 07:48:13.728 [main] DEBUG org.apache.poi.openxml4j.opc.PackageRelationshipCollection - Parsing relationship: /_rels/.rels
2025-08-05 07:48:13.742 [main] DEBUG org.apache.poi.openxml4j.opc.PackageRelationshipCollection - Parsing relationship: /xl/_rels/workbook.xml.rels
2025-08-05 07:48:13.744 [main] DEBUG org.apache.poi.openxml4j.opc.PackageRelationshipCollection - Parsing relationship: /_rels/.rels
2025-08-05 07:48:13.760 [main] DEBUG org.apache.poi.openxml4j.opc.PackageRelationshipCollection - Parsing relationship: /xl/_rels/workbook.xml.rels
2025-08-05 07:48:13.761 [main] DEBUG org.apache.poi.openxml4j.opc.PackageRelationshipCollection - Parsing relationship: /_rels/.rels
2025-08-05 07:48:13.775 [main] DEBUG org.apache.poi.openxml4j.opc.PackageRelationshipCollection - Parsing relationship: /xl/_rels/workbook.xml.rels
2025-08-05 07:48:13.776 [main] DEBUG org.apache.poi.openxml4j.opc.PackageRelationshipCollection - Parsing relationship: /_rels/.rels
2025-08-05 07:48:13.788 [main] DEBUG org.apache.poi.openxml4j.opc.PackageRelationshipCollection - Parsing relationship: /xl/_rels/workbook.xml.rels
2025-08-05 07:48:13.789 [main] DEBUG org.apache.poi.openxml4j.opc.PackageRelationshipCollection - Parsing relationship: /_rels/.rels
2025-08-05 07:48:13.801 [main] DEBUG org.apache.poi.openxml4j.opc.PackageRelationshipCollection - Parsing relationship: /xl/_rels/workbook.xml.rels
2025-08-05 07:48:13.802 [main] DEBUG org.apache.poi.openxml4j.opc.PackageRelationshipCollection - Parsing relationship: /_rels/.rels
2025-08-05 07:48:13.815 [main] DEBUG org.apache.poi.openxml4j.opc.PackageRelationshipCollection - Parsing relationship: /xl/_rels/workbook.xml.rels
2025-08-05 07:48:13.816 [main] DEBUG org.apache.poi.openxml4j.opc.PackageRelationshipCollection - Parsing relationship: /_rels/.rels
2025-08-05 07:48:13.828 [main] INFO  api.tests.DDTests - Starting test: test_createUser
2025-08-05 07:48:13.829 [main] INFO  api.tests.DDTests - Creating user with username: testuser1
2025-08-05 07:48:15.365 [main] DEBUG api.tests.DDTests - Response: {
    "code": 200,
    "type": "unknown",
    "message": "1010"
}
2025-08-05 07:48:15.366 [main] INFO  api.tests.DDTests - User created successfully: testuser1
2025-08-05 07:48:15.368 [main] INFO  api.tests.DDTests - Starting test: test_createUser
2025-08-05 07:48:15.368 [main] INFO  api.tests.DDTests - Creating user with username: testuser2
2025-08-05 07:48:16.560 [main] DEBUG api.tests.DDTests - Response: {
    "code": 200,
    "type": "unknown",
    "message": "1020"
}
2025-08-05 07:48:16.561 [main] INFO  api.tests.DDTests - User created successfully: testuser2
2025-08-05 07:48:16.565 [main] INFO  api.tests.DDTests - Starting test: test_createUser
2025-08-05 07:48:16.565 [main] INFO  api.tests.DDTests - Creating user with username: testuser3
2025-08-05 07:48:17.747 [main] DEBUG api.tests.DDTests - Response: {
    "code": 200,
    "type": "unknown",
    "message": "1030"
}
2025-08-05 07:48:17.749 [main] INFO  api.tests.DDTests - User created successfully: testuser3
2025-08-05 07:48:17.770 [main] DEBUG org.apache.poi.openxml4j.opc.PackageRelationshipCollection - Parsing relationship: /xl/_rels/workbook.xml.rels
2025-08-05 07:48:17.774 [main] DEBUG org.apache.poi.openxml4j.opc.PackageRelationshipCollection - Parsing relationship: /_rels/.rels
2025-08-05 07:48:17.796 [main] DEBUG org.apache.poi.openxml4j.opc.PackageRelationshipCollection - Parsing relationship: /xl/_rels/workbook.xml.rels
2025-08-05 07:48:17.797 [main] DEBUG org.apache.poi.openxml4j.opc.PackageRelationshipCollection - Parsing relationship: /_rels/.rels
2025-08-05 07:48:17.815 [main] DEBUG org.apache.poi.openxml4j.opc.PackageRelationshipCollection - Parsing relationship: /xl/_rels/workbook.xml.rels
2025-08-05 07:48:17.816 [main] DEBUG org.apache.poi.openxml4j.opc.PackageRelationshipCollection - Parsing relationship: /_rels/.rels
2025-08-05 07:48:17.831 [main] DEBUG org.apache.poi.openxml4j.opc.PackageRelationshipCollection - Parsing relationship: /xl/_rels/workbook.xml.rels
2025-08-05 07:48:17.832 [main] DEBUG org.apache.poi.openxml4j.opc.PackageRelationshipCollection - Parsing relationship: /_rels/.rels
2025-08-05 07:48:17.839 [main] INFO  api.tests.DDTests - Starting test: test_deleteUser
2025-08-05 07:48:17.839 [main] INFO  api.tests.DDTests - Attempting to delete user: testuser1
2025-08-05 07:48:19.186 [main] INFO  api.tests.DDTests - getUser Response: {
    "id": 1010,
    "username": "testuser1",
    "firstName": "John",
    "lastName": "Canedy",
    "email": "A@gmail.com",
    "password": "test@1",
    "phone": "1234567897",
    "userStatus": 1
}
2025-08-05 07:48:19.187 [main] INFO  api.tests.DDTests - Sending delete request for user: testuser1
2025-08-05 07:48:20.341 [main] INFO  api.tests.DDTests - Delete Response: {
    "code": 200,
    "type": "unknown",
    "message": "testuser1"
}
2025-08-05 07:48:20.341 [main] INFO  api.tests.DDTests - User deleted successfully: testuser1
2025-08-05 07:48:20.343 [main] INFO  api.tests.DDTests - Starting test: test_deleteUser
2025-08-05 07:48:20.343 [main] INFO  api.tests.DDTests - Attempting to delete user: testuser2
2025-08-05 07:48:21.645 [main] INFO  api.tests.DDTests - getUser Response: {
    "id": 1020,
    "username": "testuser2",
    "firstName": "Kim",
    "lastName": "Kom",
    "email": "A@gmail.com",
    "password": "test@2",
    "phone": "1234567897",
    "userStatus": 1
}
2025-08-05 07:48:21.645 [main] INFO  api.tests.DDTests - Sending delete request for user: testuser2
2025-08-05 07:48:22.909 [main] INFO  api.tests.DDTests - Delete Response: {
    "code": 200,
    "type": "unknown",
    "message": "testuser2"
}
2025-08-05 07:48:22.910 [main] INFO  api.tests.DDTests - User deleted successfully: testuser2
2025-08-05 07:48:22.912 [main] INFO  api.tests.DDTests - Starting test: test_deleteUser
2025-08-05 07:48:22.913 [main] INFO  api.tests.DDTests - Attempting to delete user: testuser3
2025-08-05 07:48:24.324 [main] INFO  api.tests.DDTests - getUser Response: {
    "id": 1030,
    "username": "testuser3",
    "firstName": "Smith",
    "lastName": "Steve",
    "email": "A@gmail.com",
    "password": "test@3",
    "phone": "1234567897",
    "userStatus": 1
}
2025-08-05 07:48:24.324 [main] INFO  api.tests.DDTests - Sending delete request for user: testuser3
2025-08-05 07:48:25.723 [main] INFO  api.tests.DDTests - Delete Response: {
    "code": 200,
    "type": "unknown",
    "message": "testuser3"
}
2025-08-05 07:48:25.723 [main] INFO  api.tests.DDTests - User deleted successfully: testuser3
