2025-07-28 13:01:14.043 [main] DEBUG org.testng.TestNG - suiteXmlPath: "/home/afzhal/MyNotes/Power/API automation/API-Automation-Framework/testng.xml"
2025-07-28 13:01:14.076 [main] INFO  org.testng.internal.Utils - [XmlSuite] [WARN] 'parallel' value 'false' is no longer valid, defaulting to 'none'.
2025-07-28 13:01:14.672 [main] INFO  api.tests.UserTests - Setup completed for UserTests
2025-07-28 13:01:14.685 [main] INFO  api.tests.UserTests - Starting test: test_createUser
2025-07-28 13:01:14.686 [main] INFO  api.tests.UserTests - Creating user with username: apitestuser123
2025-07-28 13:01:19.739 [main] DEBUG api.tests.UserTests - Response: {
    "code": 200,
    "type": "unknown",
    "message": "12345"
}
2025-07-28 13:01:19.741 [main] INFO  api.tests.UserTests - User created successfully: apitestuser123
2025-07-28 13:01:19.751 [main] INFO  api.tests.UserTests - Starting test: test_getUserByName
2025-07-28 13:01:19.751 [main] INFO  api.tests.UserTests - Fetching user with username: apitestuser123
2025-07-28 13:01:21.916 [main] DEBUG api.tests.UserTests - Response: {
    "id": 12345,
    "username": "apitestuser123",
    "firstName": "John",
    "lastName": "Doe",
    "email": "john.doe@example.com",
    "password": "Test@123",
    "phone": "1234567890",
    "userStatus": 1
}
2025-07-28 13:01:21.918 [main] INFO  api.tests.UserTests - User fetched successfully: apitestuser123
2025-07-28 13:01:21.926 [main] INFO  api.tests.UserTests - Starting test: test_modifyUser
2025-07-28 13:01:21.928 [main] INFO  api.tests.UserTests - Modifying user with username: apitestuser123
2025-07-28 13:01:23.956 [main] DEBUG api.tests.UserTests - Response: {
    "code": 200,
    "type": "unknown",
    "message": "12345"
}
2025-07-28 13:01:23.958 [main] INFO  api.tests.UserTests - User modified successfully: apitestuser123
2025-07-28 13:01:23.961 [main] INFO  api.tests.UserTests - Starting test: test_deleteUserByName
2025-07-28 13:01:23.961 [main] INFO  api.tests.UserTests - Deleting user with username: apitestuser123
2025-07-28 13:01:26.210 [main] DEBUG api.tests.UserTests - Response: {
    "code": 200,
    "type": "unknown",
    "message": "apitestuser123"
}
2025-07-28 13:01:26.212 [main] INFO  api.tests.UserTests - User deleted successfully: apitestuser123
2025-07-28 13:01:26.219 [main] INFO  api.tests.UserTests - Starting test: test_createUser
2025-07-28 13:01:26.221 [main] INFO  api.tests.UserTests - Creating user with username: apitestuser123
2025-07-28 13:01:28.053 [main] DEBUG api.tests.UserTests - Response: {
    "code": 200,
    "type": "unknown",
    "message": "12345"
}
2025-07-28 13:01:28.055 [main] INFO  api.tests.UserTests - User created successfully: apitestuser123
2025-07-28 13:01:28.062 [main] INFO  api.tests.UserTests - Starting test: test_getUserByName
2025-07-28 13:01:28.063 [main] INFO  api.tests.UserTests - Fetching user with username: apitestuser123
2025-07-28 13:01:29.676 [main] DEBUG api.tests.UserTests - Response: {
    "id": 12345,
    "username": "apitestuser123",
    "firstName": "Argilac",
    "lastName": "Schmitt",
    "email": "clara.yost@example.com",
    "password": "Test@123",
    "phone": "1234567890",
    "userStatus": 1
}
2025-07-28 13:01:29.678 [main] INFO  api.tests.UserTests - User fetched successfully: apitestuser123
2025-07-28 13:01:29.684 [main] INFO  api.tests.UserTests - Starting test: test_modifyUser
2025-07-28 13:01:29.686 [main] INFO  api.tests.UserTests - Modifying user with username: apitestuser123
2025-07-28 13:01:31.637 [main] DEBUG api.tests.UserTests - Response: {
    "code": 200,
    "type": "unknown",
    "message": "12345"
}
2025-07-28 13:01:31.638 [main] INFO  api.tests.UserTests - User modified successfully: apitestuser123
2025-07-28 13:01:31.645 [main] INFO  api.tests.UserTests - Starting test: test_deleteUserByName
2025-07-28 13:01:31.646 [main] INFO  api.tests.UserTests - Deleting user with username: apitestuser123
2025-07-28 13:01:33.483 [main] DEBUG api.tests.UserTests - Response: {
    "code": 200,
    "type": "unknown",
    "message": "apitestuser123"
}
2025-07-28 13:01:33.484 [main] INFO  api.tests.UserTests - User deleted successfully: apitestuser123
2025-07-28 13:01:33.936 [main] DEBUG org.apache.poi.openxml4j.opc.PackageRelationshipCollection - Parsing relationship: /xl/_rels/workbook.xml.rels
2025-07-28 13:01:33.939 [main] DEBUG org.apache.poi.openxml4j.opc.PackageRelationshipCollection - Parsing relationship: /_rels/.rels
2025-07-28 13:01:34.345 [main] DEBUG org.apache.poi.openxml4j.opc.PackageRelationshipCollection - Parsing relationship: /xl/_rels/workbook.xml.rels
2025-07-28 13:01:34.347 [main] DEBUG org.apache.poi.openxml4j.opc.PackageRelationshipCollection - Parsing relationship: /_rels/.rels
2025-07-28 13:01:34.390 [main] DEBUG org.apache.poi.openxml4j.opc.PackageRelationshipCollection - Parsing relationship: /xl/_rels/workbook.xml.rels
2025-07-28 13:01:34.392 [main] DEBUG org.apache.poi.openxml4j.opc.PackageRelationshipCollection - Parsing relationship: /_rels/.rels
2025-07-28 13:01:34.450 [main] DEBUG org.apache.poi.openxml4j.opc.PackageRelationshipCollection - Parsing relationship: /xl/_rels/workbook.xml.rels
2025-07-28 13:01:34.452 [main] DEBUG org.apache.poi.openxml4j.opc.PackageRelationshipCollection - Parsing relationship: /_rels/.rels
2025-07-28 13:01:34.492 [main] DEBUG org.apache.poi.openxml4j.opc.PackageRelationshipCollection - Parsing relationship: /xl/_rels/workbook.xml.rels
2025-07-28 13:01:34.494 [main] DEBUG org.apache.poi.openxml4j.opc.PackageRelationshipCollection - Parsing relationship: /_rels/.rels
2025-07-28 13:01:34.528 [main] DEBUG org.apache.poi.openxml4j.opc.PackageRelationshipCollection - Parsing relationship: /xl/_rels/workbook.xml.rels
2025-07-28 13:01:34.530 [main] DEBUG org.apache.poi.openxml4j.opc.PackageRelationshipCollection - Parsing relationship: /_rels/.rels
2025-07-28 13:01:34.596 [main] DEBUG org.apache.poi.openxml4j.opc.PackageRelationshipCollection - Parsing relationship: /xl/_rels/workbook.xml.rels
2025-07-28 13:01:34.598 [main] DEBUG org.apache.poi.openxml4j.opc.PackageRelationshipCollection - Parsing relationship: /_rels/.rels
2025-07-28 13:01:34.627 [main] DEBUG org.apache.poi.openxml4j.opc.PackageRelationshipCollection - Parsing relationship: /xl/_rels/workbook.xml.rels
2025-07-28 13:01:34.629 [main] DEBUG org.apache.poi.openxml4j.opc.PackageRelationshipCollection - Parsing relationship: /_rels/.rels
2025-07-28 13:01:34.660 [main] DEBUG org.apache.poi.openxml4j.opc.PackageRelationshipCollection - Parsing relationship: /xl/_rels/workbook.xml.rels
2025-07-28 13:01:34.662 [main] DEBUG org.apache.poi.openxml4j.opc.PackageRelationshipCollection - Parsing relationship: /_rels/.rels
2025-07-28 13:01:34.691 [main] DEBUG org.apache.poi.openxml4j.opc.PackageRelationshipCollection - Parsing relationship: /xl/_rels/workbook.xml.rels
2025-07-28 13:01:34.694 [main] DEBUG org.apache.poi.openxml4j.opc.PackageRelationshipCollection - Parsing relationship: /_rels/.rels
2025-07-28 13:01:34.725 [main] DEBUG org.apache.poi.openxml4j.opc.PackageRelationshipCollection - Parsing relationship: /xl/_rels/workbook.xml.rels
2025-07-28 13:01:34.726 [main] DEBUG org.apache.poi.openxml4j.opc.PackageRelationshipCollection - Parsing relationship: /_rels/.rels
2025-07-28 13:01:34.748 [main] DEBUG org.apache.poi.openxml4j.opc.PackageRelationshipCollection - Parsing relationship: /xl/_rels/workbook.xml.rels
2025-07-28 13:01:34.750 [main] DEBUG org.apache.poi.openxml4j.opc.PackageRelationshipCollection - Parsing relationship: /_rels/.rels
2025-07-28 13:01:34.777 [main] DEBUG org.apache.poi.openxml4j.opc.PackageRelationshipCollection - Parsing relationship: /xl/_rels/workbook.xml.rels
2025-07-28 13:01:34.779 [main] DEBUG org.apache.poi.openxml4j.opc.PackageRelationshipCollection - Parsing relationship: /_rels/.rels
2025-07-28 13:01:34.804 [main] DEBUG org.apache.poi.openxml4j.opc.PackageRelationshipCollection - Parsing relationship: /xl/_rels/workbook.xml.rels
2025-07-28 13:01:34.805 [main] DEBUG org.apache.poi.openxml4j.opc.PackageRelationshipCollection - Parsing relationship: /_rels/.rels
2025-07-28 13:01:34.839 [main] DEBUG org.apache.poi.openxml4j.opc.PackageRelationshipCollection - Parsing relationship: /xl/_rels/workbook.xml.rels
2025-07-28 13:01:34.841 [main] DEBUG org.apache.poi.openxml4j.opc.PackageRelationshipCollection - Parsing relationship: /_rels/.rels
2025-07-28 13:01:34.884 [main] DEBUG org.apache.poi.openxml4j.opc.PackageRelationshipCollection - Parsing relationship: /xl/_rels/workbook.xml.rels
2025-07-28 13:01:34.885 [main] DEBUG org.apache.poi.openxml4j.opc.PackageRelationshipCollection - Parsing relationship: /_rels/.rels
2025-07-28 13:01:34.913 [main] DEBUG org.apache.poi.openxml4j.opc.PackageRelationshipCollection - Parsing relationship: /xl/_rels/workbook.xml.rels
2025-07-28 13:01:34.915 [main] DEBUG org.apache.poi.openxml4j.opc.PackageRelationshipCollection - Parsing relationship: /_rels/.rels
2025-07-28 13:01:34.934 [main] DEBUG org.apache.poi.openxml4j.opc.PackageRelationshipCollection - Parsing relationship: /xl/_rels/workbook.xml.rels
2025-07-28 13:01:34.936 [main] DEBUG org.apache.poi.openxml4j.opc.PackageRelationshipCollection - Parsing relationship: /_rels/.rels
2025-07-28 13:01:34.968 [main] DEBUG org.apache.poi.openxml4j.opc.PackageRelationshipCollection - Parsing relationship: /xl/_rels/workbook.xml.rels
2025-07-28 13:01:34.970 [main] DEBUG org.apache.poi.openxml4j.opc.PackageRelationshipCollection - Parsing relationship: /_rels/.rels
2025-07-28 13:01:35.002 [main] DEBUG org.apache.poi.openxml4j.opc.PackageRelationshipCollection - Parsing relationship: /xl/_rels/workbook.xml.rels
2025-07-28 13:01:35.003 [main] DEBUG org.apache.poi.openxml4j.opc.PackageRelationshipCollection - Parsing relationship: /_rels/.rels
2025-07-28 13:01:35.023 [main] DEBUG org.apache.poi.openxml4j.opc.PackageRelationshipCollection - Parsing relationship: /xl/_rels/workbook.xml.rels
2025-07-28 13:01:35.025 [main] DEBUG org.apache.poi.openxml4j.opc.PackageRelationshipCollection - Parsing relationship: /_rels/.rels
2025-07-28 13:01:35.044 [main] DEBUG org.apache.poi.openxml4j.opc.PackageRelationshipCollection - Parsing relationship: /xl/_rels/workbook.xml.rels
2025-07-28 13:01:35.045 [main] DEBUG org.apache.poi.openxml4j.opc.PackageRelationshipCollection - Parsing relationship: /_rels/.rels
2025-07-28 13:01:35.072 [main] DEBUG org.apache.poi.openxml4j.opc.PackageRelationshipCollection - Parsing relationship: /xl/_rels/workbook.xml.rels
2025-07-28 13:01:35.073 [main] DEBUG org.apache.poi.openxml4j.opc.PackageRelationshipCollection - Parsing relationship: /_rels/.rels
2025-07-28 13:01:35.091 [main] INFO  api.tests.DDTests - Starting test: test_createUser
2025-07-28 13:01:35.091 [main] INFO  api.tests.DDTests - Creating user with username: testuser1
2025-07-28 13:01:37.269 [main] DEBUG api.tests.DDTests - Response: {
    "code": 200,
    "type": "unknown",
    "message": "1010"
}
2025-07-28 13:01:37.270 [main] INFO  api.tests.DDTests - User created successfully: testuser1
2025-07-28 13:01:37.277 [main] INFO  api.tests.DDTests - Starting test: test_createUser
2025-07-28 13:01:37.279 [main] INFO  api.tests.DDTests - Creating user with username: testuser2
2025-07-28 13:01:39.109 [main] DEBUG api.tests.DDTests - Response: {
    "code": 200,
    "type": "unknown",
    "message": "1020"
}
2025-07-28 13:01:39.109 [main] INFO  api.tests.DDTests - User created successfully: testuser2
2025-07-28 13:01:39.111 [main] INFO  api.tests.DDTests - Starting test: test_createUser
2025-07-28 13:01:39.112 [main] INFO  api.tests.DDTests - Creating user with username: testuser3
2025-07-28 13:01:40.853 [main] DEBUG api.tests.DDTests - Response: {
    "code": 200,
    "type": "unknown",
    "message": "1030"
}
2025-07-28 13:01:40.854 [main] INFO  api.tests.DDTests - User created successfully: testuser3
2025-07-28 13:01:40.876 [main] DEBUG org.apache.poi.openxml4j.opc.PackageRelationshipCollection - Parsing relationship: /xl/_rels/workbook.xml.rels
2025-07-28 13:01:40.880 [main] DEBUG org.apache.poi.openxml4j.opc.PackageRelationshipCollection - Parsing relationship: /_rels/.rels
2025-07-28 13:01:40.902 [main] DEBUG org.apache.poi.openxml4j.opc.PackageRelationshipCollection - Parsing relationship: /xl/_rels/workbook.xml.rels
2025-07-28 13:01:40.903 [main] DEBUG org.apache.poi.openxml4j.opc.PackageRelationshipCollection - Parsing relationship: /_rels/.rels
2025-07-28 13:01:40.922 [main] DEBUG org.apache.poi.openxml4j.opc.PackageRelationshipCollection - Parsing relationship: /xl/_rels/workbook.xml.rels
2025-07-28 13:01:40.924 [main] DEBUG org.apache.poi.openxml4j.opc.PackageRelationshipCollection - Parsing relationship: /_rels/.rels
2025-07-28 13:01:40.943 [main] DEBUG org.apache.poi.openxml4j.opc.PackageRelationshipCollection - Parsing relationship: /xl/_rels/workbook.xml.rels
2025-07-28 13:01:40.945 [main] DEBUG org.apache.poi.openxml4j.opc.PackageRelationshipCollection - Parsing relationship: /_rels/.rels
2025-07-28 13:01:40.959 [main] INFO  api.tests.DDTests - Starting test: test_deleteUser
2025-07-28 13:01:40.960 [main] INFO  api.tests.DDTests - Attempting to delete user: testuser1
2025-07-28 13:01:42.796 [main] WARN  api.tests.DDTests - Retrying to check user existence: Attempt 1
2025-07-28 13:01:45.666 [main] INFO  api.tests.DDTests - getUser Response: {
    "id": 1010,
    "username": "testuser1",
    "firstName": "John",
    "lastName": "Canedy",
    "email": "A@gmail.com",
    "password": "test@1",
    "phone": "1234567897",
    "userStatus": 1
}
2025-07-28 13:01:45.667 [main] INFO  api.tests.DDTests - Sending delete request for user: testuser1
2025-07-28 13:01:47.510 [main] INFO  api.tests.DDTests - Delete Response: 
2025-07-28 13:01:47.510 [main] WARN  api.tests.DDTests - Retrying delete operation: Attempt 1
2025-07-28 13:01:50.274 [main] INFO  api.tests.DDTests - Delete Response: {
    "code": 200,
    "type": "unknown",
    "message": "testuser1"
}
2025-07-28 13:01:50.275 [main] INFO  api.tests.DDTests - User deleted successfully: testuser1
2025-07-28 13:01:50.280 [main] INFO  api.tests.DDTests - Starting test: test_deleteUser
2025-07-28 13:01:50.281 [main] INFO  api.tests.DDTests - Attempting to delete user: testuser2
2025-07-28 13:01:51.812 [main] WARN  api.tests.DDTests - Retrying to check user existence: Attempt 1
2025-07-28 13:01:54.380 [main] INFO  api.tests.DDTests - getUser Response: {
    "id": 1020,
    "username": "testuser2",
    "firstName": "Kim",
    "lastName": "Kom",
    "email": "A@gmail.com",
    "password": "test@2",
    "phone": "1234567897",
    "userStatus": 1
}
2025-07-28 13:01:54.381 [main] INFO  api.tests.DDTests - Sending delete request for user: testuser2
2025-07-28 13:01:56.110 [main] INFO  api.tests.DDTests - Delete Response: {
    "code": 200,
    "type": "unknown",
    "message": "testuser2"
}
2025-07-28 13:01:56.111 [main] INFO  api.tests.DDTests - User deleted successfully: testuser2
2025-07-28 13:01:56.114 [main] INFO  api.tests.DDTests - Starting test: test_deleteUser
2025-07-28 13:01:56.115 [main] INFO  api.tests.DDTests - Attempting to delete user: testuser3
2025-07-28 13:01:57.541 [main] WARN  api.tests.DDTests - Retrying to check user existence: Attempt 1
2025-07-28 13:02:00.069 [main] INFO  api.tests.DDTests - getUser Response: {
    "id": 1030,
    "username": "testuser3",
    "firstName": "Smith",
    "lastName": "Steve",
    "email": "A@gmail.com",
    "password": "test@3",
    "phone": "1234567897",
    "userStatus": 1
}
2025-07-28 13:02:00.070 [main] INFO  api.tests.DDTests - Sending delete request for user: testuser3
2025-07-28 13:02:01.637 [main] INFO  api.tests.DDTests - Delete Response: 
2025-07-28 13:02:01.638 [main] WARN  api.tests.DDTests - Retrying delete operation: Attempt 1
2025-07-28 13:02:04.409 [main] INFO  api.tests.DDTests - Delete Response: {
    "code": 200,
    "type": "unknown",
    "message": "testuser3"
}
2025-07-28 13:02:04.410 [main] INFO  api.tests.DDTests - User deleted successfully: testuser3
