2025-07-28 12:59:17.389 [main] DEBUG org.testng.TestNG - suiteXmlPath: "/home/afzhal/MyNotes/Power/API automation/API-Automation-Framework/testng.xml"
2025-07-28 12:59:17.435 [main] INFO  org.testng.internal.Utils - [XmlSuite] [WARN] 'parallel' value 'false' is no longer valid, defaulting to 'none'.
2025-07-28 12:59:18.058 [main] INFO  api.tests.UserTests - Setup completed for UserTests
2025-07-28 12:59:18.069 [main] INFO  api.tests.UserTests - Starting test: test_createUser
2025-07-28 12:59:18.070 [main] INFO  api.tests.UserTests - Creating user with username: apitestuser123
2025-07-28 12:59:21.577 [main] DEBUG api.tests.UserTests - Response: {
    "code": 200,
    "type": "unknown",
    "message": "12345"
}
2025-07-28 12:59:21.580 [main] INFO  api.tests.UserTests - User created successfully: apitestuser123
2025-07-28 12:59:21.590 [main] INFO  api.tests.UserTests - Starting test: test_getUserByName
2025-07-28 12:59:21.591 [main] INFO  api.tests.UserTests - Fetching user with username: apitestuser123
2025-07-28 12:59:23.132 [main] DEBUG api.tests.UserTests - Response: {
    "id": 12345,
    "username": "apitestuser123",
    "firstName": "Davos Seaworth",
    "lastName": "Mraz",
    "email": "jolyn.green@example.com",
    "password": "Test@123",
    "phone": "1234567890",
    "userStatus": 1
}
2025-07-28 12:59:23.133 [main] INFO  api.tests.UserTests - User fetched successfully: apitestuser123
2025-07-28 12:59:23.142 [main] INFO  api.tests.UserTests - Starting test: test_modifyUser
2025-07-28 12:59:23.143 [main] INFO  api.tests.UserTests - Modifying user with username: apitestuser123
2025-07-28 12:59:24.866 [main] DEBUG api.tests.UserTests - Response: {
    "code": 200,
    "type": "unknown",
    "message": "12345"
}
2025-07-28 12:59:24.867 [main] INFO  api.tests.UserTests - User modified successfully: apitestuser123
2025-07-28 12:59:24.876 [main] INFO  api.tests.UserTests - Starting test: test_deleteUserByName
2025-07-28 12:59:24.878 [main] INFO  api.tests.UserTests - Deleting user with username: apitestuser123
2025-07-28 12:59:27.835 [main] DEBUG api.tests.UserTests - Response: {
    "code": 200,
    "type": "unknown",
    "message": "apitestuser123"
}
2025-07-28 12:59:27.836 [main] INFO  api.tests.UserTests - User deleted successfully: apitestuser123
2025-07-28 12:59:27.841 [main] INFO  api.tests.UserTests - Starting test: test_createUser
2025-07-28 12:59:27.842 [main] INFO  api.tests.UserTests - Creating user with username: apitestuser123
2025-07-28 12:59:29.316 [main] DEBUG api.tests.UserTests - Response: {
    "code": 200,
    "type": "unknown",
    "message": "12345"
}
2025-07-28 12:59:29.317 [main] INFO  api.tests.UserTests - User created successfully: apitestuser123
2025-07-28 12:59:29.319 [main] INFO  api.tests.UserTests - Starting test: test_getUserByName
2025-07-28 12:59:29.320 [main] INFO  api.tests.UserTests - Fetching user with username: apitestuser123
2025-07-28 12:59:31.114 [main] DEBUG api.tests.UserTests - Response: {
    "code": 1,
    "type": "error",
    "message": "User not found"
}
2025-07-28 12:59:31.157 [main] INFO  api.tests.UserTests - Starting test: test_getUserByName
2025-07-28 12:59:31.157 [main] INFO  api.tests.UserTests - Fetching user with username: apitestuser123
2025-07-28 12:59:32.750 [main] DEBUG api.tests.UserTests - Response: {
    "id": 12345,
    "username": "apitestuser123",
    "firstName": "Lucos Chyttering",
    "lastName": "West",
    "email": "douglas.borer@example.com",
    "password": "Test@123",
    "phone": "1234567890",
    "userStatus": 1
}
2025-07-28 12:59:32.752 [main] INFO  api.tests.UserTests - User fetched successfully: apitestuser123
2025-07-28 12:59:32.758 [main] INFO  api.tests.UserTests - Starting test: test_modifyUser
2025-07-28 12:59:32.759 [main] INFO  api.tests.UserTests - Modifying user with username: apitestuser123
2025-07-28 12:59:34.504 [main] DEBUG api.tests.UserTests - Response: {
    "code": 200,
    "type": "unknown",
    "message": "12345"
}
2025-07-28 12:59:34.506 [main] INFO  api.tests.UserTests - User modified successfully: apitestuser123
2025-07-28 12:59:34.512 [main] INFO  api.tests.UserTests - Starting test: test_deleteUserByName
2025-07-28 12:59:34.513 [main] INFO  api.tests.UserTests - Deleting user with username: apitestuser123
2025-07-28 12:59:36.026 [main] DEBUG api.tests.UserTests - Response: {
    "code": 200,
    "type": "unknown",
    "message": "apitestuser123"
}
2025-07-28 12:59:36.027 [main] INFO  api.tests.UserTests - User deleted successfully: apitestuser123
2025-07-28 12:59:36.593 [main] DEBUG org.apache.poi.openxml4j.opc.PackageRelationshipCollection - Parsing relationship: /xl/_rels/workbook.xml.rels
2025-07-28 12:59:36.596 [main] DEBUG org.apache.poi.openxml4j.opc.PackageRelationshipCollection - Parsing relationship: /_rels/.rels
2025-07-28 12:59:37.123 [main] DEBUG org.apache.poi.openxml4j.opc.PackageRelationshipCollection - Parsing relationship: /xl/_rels/workbook.xml.rels
2025-07-28 12:59:37.125 [main] DEBUG org.apache.poi.openxml4j.opc.PackageRelationshipCollection - Parsing relationship: /_rels/.rels
2025-07-28 12:59:37.174 [main] DEBUG org.apache.poi.openxml4j.opc.PackageRelationshipCollection - Parsing relationship: /xl/_rels/workbook.xml.rels
2025-07-28 12:59:37.177 [main] DEBUG org.apache.poi.openxml4j.opc.PackageRelationshipCollection - Parsing relationship: /_rels/.rels
2025-07-28 12:59:37.226 [main] DEBUG org.apache.poi.openxml4j.opc.PackageRelationshipCollection - Parsing relationship: /xl/_rels/workbook.xml.rels
2025-07-28 12:59:37.228 [main] DEBUG org.apache.poi.openxml4j.opc.PackageRelationshipCollection - Parsing relationship: /_rels/.rels
2025-07-28 12:59:37.258 [main] DEBUG org.apache.poi.openxml4j.opc.PackageRelationshipCollection - Parsing relationship: /xl/_rels/workbook.xml.rels
2025-07-28 12:59:37.259 [main] DEBUG org.apache.poi.openxml4j.opc.PackageRelationshipCollection - Parsing relationship: /_rels/.rels
2025-07-28 12:59:37.283 [main] DEBUG org.apache.poi.openxml4j.opc.PackageRelationshipCollection - Parsing relationship: /xl/_rels/workbook.xml.rels
2025-07-28 12:59:37.284 [main] DEBUG org.apache.poi.openxml4j.opc.PackageRelationshipCollection - Parsing relationship: /_rels/.rels
2025-07-28 12:59:37.307 [main] DEBUG org.apache.poi.openxml4j.opc.PackageRelationshipCollection - Parsing relationship: /xl/_rels/workbook.xml.rels
2025-07-28 12:59:37.309 [main] DEBUG org.apache.poi.openxml4j.opc.PackageRelationshipCollection - Parsing relationship: /_rels/.rels
2025-07-28 12:59:37.329 [main] DEBUG org.apache.poi.openxml4j.opc.PackageRelationshipCollection - Parsing relationship: /xl/_rels/workbook.xml.rels
2025-07-28 12:59:37.330 [main] DEBUG org.apache.poi.openxml4j.opc.PackageRelationshipCollection - Parsing relationship: /_rels/.rels
2025-07-28 12:59:37.356 [main] DEBUG org.apache.poi.openxml4j.opc.PackageRelationshipCollection - Parsing relationship: /xl/_rels/workbook.xml.rels
2025-07-28 12:59:37.358 [main] DEBUG org.apache.poi.openxml4j.opc.PackageRelationshipCollection - Parsing relationship: /_rels/.rels
2025-07-28 12:59:37.379 [main] DEBUG org.apache.poi.openxml4j.opc.PackageRelationshipCollection - Parsing relationship: /xl/_rels/workbook.xml.rels
2025-07-28 12:59:37.380 [main] DEBUG org.apache.poi.openxml4j.opc.PackageRelationshipCollection - Parsing relationship: /_rels/.rels
2025-07-28 12:59:37.403 [main] DEBUG org.apache.poi.openxml4j.opc.PackageRelationshipCollection - Parsing relationship: /xl/_rels/workbook.xml.rels
2025-07-28 12:59:37.404 [main] DEBUG org.apache.poi.openxml4j.opc.PackageRelationshipCollection - Parsing relationship: /_rels/.rels
2025-07-28 12:59:37.425 [main] DEBUG org.apache.poi.openxml4j.opc.PackageRelationshipCollection - Parsing relationship: /xl/_rels/workbook.xml.rels
2025-07-28 12:59:37.426 [main] DEBUG org.apache.poi.openxml4j.opc.PackageRelationshipCollection - Parsing relationship: /_rels/.rels
2025-07-28 12:59:37.448 [main] DEBUG org.apache.poi.openxml4j.opc.PackageRelationshipCollection - Parsing relationship: /xl/_rels/workbook.xml.rels
2025-07-28 12:59:37.449 [main] DEBUG org.apache.poi.openxml4j.opc.PackageRelationshipCollection - Parsing relationship: /_rels/.rels
2025-07-28 12:59:37.471 [main] DEBUG org.apache.poi.openxml4j.opc.PackageRelationshipCollection - Parsing relationship: /xl/_rels/workbook.xml.rels
2025-07-28 12:59:37.473 [main] DEBUG org.apache.poi.openxml4j.opc.PackageRelationshipCollection - Parsing relationship: /_rels/.rels
2025-07-28 12:59:37.494 [main] DEBUG org.apache.poi.openxml4j.opc.PackageRelationshipCollection - Parsing relationship: /xl/_rels/workbook.xml.rels
2025-07-28 12:59:37.495 [main] DEBUG org.apache.poi.openxml4j.opc.PackageRelationshipCollection - Parsing relationship: /_rels/.rels
2025-07-28 12:59:37.514 [main] DEBUG org.apache.poi.openxml4j.opc.PackageRelationshipCollection - Parsing relationship: /xl/_rels/workbook.xml.rels
2025-07-28 12:59:37.515 [main] DEBUG org.apache.poi.openxml4j.opc.PackageRelationshipCollection - Parsing relationship: /_rels/.rels
2025-07-28 12:59:37.540 [main] DEBUG org.apache.poi.openxml4j.opc.PackageRelationshipCollection - Parsing relationship: /xl/_rels/workbook.xml.rels
2025-07-28 12:59:37.542 [main] DEBUG org.apache.poi.openxml4j.opc.PackageRelationshipCollection - Parsing relationship: /_rels/.rels
2025-07-28 12:59:37.561 [main] DEBUG org.apache.poi.openxml4j.opc.PackageRelationshipCollection - Parsing relationship: /xl/_rels/workbook.xml.rels
2025-07-28 12:59:37.562 [main] DEBUG org.apache.poi.openxml4j.opc.PackageRelationshipCollection - Parsing relationship: /_rels/.rels
2025-07-28 12:59:37.578 [main] DEBUG org.apache.poi.openxml4j.opc.PackageRelationshipCollection - Parsing relationship: /xl/_rels/workbook.xml.rels
2025-07-28 12:59:37.580 [main] DEBUG org.apache.poi.openxml4j.opc.PackageRelationshipCollection - Parsing relationship: /_rels/.rels
2025-07-28 12:59:37.593 [main] DEBUG org.apache.poi.openxml4j.opc.PackageRelationshipCollection - Parsing relationship: /xl/_rels/workbook.xml.rels
2025-07-28 12:59:37.594 [main] DEBUG org.apache.poi.openxml4j.opc.PackageRelationshipCollection - Parsing relationship: /_rels/.rels
2025-07-28 12:59:37.607 [main] DEBUG org.apache.poi.openxml4j.opc.PackageRelationshipCollection - Parsing relationship: /xl/_rels/workbook.xml.rels
2025-07-28 12:59:37.608 [main] DEBUG org.apache.poi.openxml4j.opc.PackageRelationshipCollection - Parsing relationship: /_rels/.rels
2025-07-28 12:59:37.621 [main] DEBUG org.apache.poi.openxml4j.opc.PackageRelationshipCollection - Parsing relationship: /xl/_rels/workbook.xml.rels
2025-07-28 12:59:37.622 [main] DEBUG org.apache.poi.openxml4j.opc.PackageRelationshipCollection - Parsing relationship: /_rels/.rels
2025-07-28 12:59:37.635 [main] DEBUG org.apache.poi.openxml4j.opc.PackageRelationshipCollection - Parsing relationship: /xl/_rels/workbook.xml.rels
2025-07-28 12:59:37.637 [main] DEBUG org.apache.poi.openxml4j.opc.PackageRelationshipCollection - Parsing relationship: /_rels/.rels
2025-07-28 12:59:37.653 [main] INFO  api.tests.DDTests - Starting test: test_createUser
2025-07-28 12:59:37.655 [main] INFO  api.tests.DDTests - Creating user with username: testuser1
2025-07-28 12:59:39.098 [main] DEBUG api.tests.DDTests - Response: {
    "code": 200,
    "type": "unknown",
    "message": "1010"
}
2025-07-28 12:59:39.099 [main] INFO  api.tests.DDTests - User created successfully: testuser1
2025-07-28 12:59:39.103 [main] INFO  api.tests.DDTests - Starting test: test_createUser
2025-07-28 12:59:39.105 [main] INFO  api.tests.DDTests - Creating user with username: testuser2
2025-07-28 12:59:40.942 [main] DEBUG api.tests.DDTests - Response: {
    "code": 200,
    "type": "unknown",
    "message": "1020"
}
2025-07-28 12:59:40.943 [main] INFO  api.tests.DDTests - User created successfully: testuser2
2025-07-28 12:59:40.947 [main] INFO  api.tests.DDTests - Starting test: test_createUser
2025-07-28 12:59:40.948 [main] INFO  api.tests.DDTests - Creating user with username: testuser3
2025-07-28 12:59:42.580 [main] DEBUG api.tests.DDTests - Response: {
    "code": 200,
    "type": "unknown",
    "message": "1030"
}
2025-07-28 12:59:42.581 [main] INFO  api.tests.DDTests - User created successfully: testuser3
2025-07-28 12:59:42.597 [main] DEBUG org.apache.poi.openxml4j.opc.PackageRelationshipCollection - Parsing relationship: /xl/_rels/workbook.xml.rels
2025-07-28 12:59:42.600 [main] DEBUG org.apache.poi.openxml4j.opc.PackageRelationshipCollection - Parsing relationship: /_rels/.rels
2025-07-28 12:59:42.624 [main] DEBUG org.apache.poi.openxml4j.opc.PackageRelationshipCollection - Parsing relationship: /xl/_rels/workbook.xml.rels
2025-07-28 12:59:42.625 [main] DEBUG org.apache.poi.openxml4j.opc.PackageRelationshipCollection - Parsing relationship: /_rels/.rels
2025-07-28 12:59:42.641 [main] DEBUG org.apache.poi.openxml4j.opc.PackageRelationshipCollection - Parsing relationship: /xl/_rels/workbook.xml.rels
2025-07-28 12:59:42.642 [main] DEBUG org.apache.poi.openxml4j.opc.PackageRelationshipCollection - Parsing relationship: /_rels/.rels
2025-07-28 12:59:42.659 [main] DEBUG org.apache.poi.openxml4j.opc.PackageRelationshipCollection - Parsing relationship: /xl/_rels/workbook.xml.rels
2025-07-28 12:59:42.660 [main] DEBUG org.apache.poi.openxml4j.opc.PackageRelationshipCollection - Parsing relationship: /_rels/.rels
2025-07-28 12:59:42.671 [main] INFO  api.tests.DDTests - Starting test: test_deleteUser
2025-07-28 12:59:42.672 [main] INFO  api.tests.DDTests - Attempting to delete user: testuser1
2025-07-28 12:59:44.320 [main] INFO  api.tests.DDTests - getUser Response: {
    "id": 1010,
    "username": "testuser1",
    "firstName": "John",
    "lastName": "Canedy",
    "email": "A@gmail.com",
    "password": "test@1",
    "phone": "1234567897",
    "userStatus": 1
}
2025-07-28 12:59:44.321 [main] INFO  api.tests.DDTests - Sending delete request for user: testuser1
2025-07-28 12:59:45.857 [main] INFO  api.tests.DDTests - Delete Response: 
2025-07-28 12:59:45.858 [main] WARN  api.tests.DDTests - Retrying delete operation: Attempt 1
2025-07-28 12:59:48.552 [main] INFO  api.tests.DDTests - Delete Response: 
2025-07-28 12:59:48.553 [main] WARN  api.tests.DDTests - Retrying delete operation: Attempt 2
2025-07-28 12:59:51.190 [main] INFO  api.tests.DDTests - Delete Response: 
2025-07-28 12:59:51.191 [main] WARN  api.tests.DDTests - Retrying delete operation: Attempt 3
2025-07-28 12:59:54.048 [main] INFO  api.tests.DDTests - Delete Response: 
2025-07-28 12:59:54.049 [main] WARN  api.tests.DDTests - Retrying delete operation: Attempt 4
2025-07-28 12:59:56.913 [main] INFO  api.tests.DDTests - Delete Response: 
2025-07-28 12:59:56.914 [main] WARN  api.tests.DDTests - Retrying delete operation: Attempt 5
2025-07-28 12:59:57.915 [main] ERROR api.tests.DDTests - Failed to delete user after retries: testuser1
2025-07-28 12:59:57.924 [main] INFO  api.tests.DDTests - Starting test: test_deleteUser
2025-07-28 12:59:57.925 [main] INFO  api.tests.DDTests - Attempting to delete user: testuser2
2025-07-28 12:59:59.566 [main] INFO  api.tests.DDTests - getUser Response: {
    "id": 1020,
    "username": "testuser2",
    "firstName": "Kim",
    "lastName": "Kom",
    "email": "A@gmail.com",
    "password": "test@2",
    "phone": "1234567897",
    "userStatus": 1
}
2025-07-28 12:59:59.567 [main] INFO  api.tests.DDTests - Sending delete request for user: testuser2
2025-07-28 13:00:01.407 [main] INFO  api.tests.DDTests - Delete Response: {
    "code": 200,
    "type": "unknown",
    "message": "testuser2"
}
2025-07-28 13:00:01.408 [main] INFO  api.tests.DDTests - User deleted successfully: testuser2
2025-07-28 13:00:01.411 [main] INFO  api.tests.DDTests - Starting test: test_deleteUser
2025-07-28 13:00:01.412 [main] INFO  api.tests.DDTests - Attempting to delete user: testuser3
2025-07-28 13:00:03.395 [main] INFO  api.tests.DDTests - getUser Response: {
    "id": 1030,
    "username": "testuser3",
    "firstName": "Smith",
    "lastName": "Steve",
    "email": "A@gmail.com",
    "password": "test@3",
    "phone": "1234567897",
    "userStatus": 1
}
2025-07-28 13:00:03.396 [main] INFO  api.tests.DDTests - Sending delete request for user: testuser3
2025-07-28 13:00:06.165 [main] INFO  api.tests.DDTests - Delete Response: {
    "code": 200,
    "type": "unknown",
    "message": "testuser3"
}
2025-07-28 13:00:06.166 [main] INFO  api.tests.DDTests - User deleted successfully: testuser3
