2025-07-28 13:28:30.175 [main] DEBUG org.testng.TestNG - suiteXmlPath: "/home/afzhal/MyNotes/Power/API automation/API-Automation-Framework/testng.xml"
2025-07-28 13:28:30.197 [main] INFO  org.testng.internal.Utils - [XmlSuite] [WARN] 'parallel' value 'false' is no longer valid, defaulting to 'none'.
2025-07-28 13:28:30.571 [main] INFO  api.tests.UserTests - Setup completed for UserTests
2025-07-28 13:28:30.580 [main] INFO  api.tests.UserTests - Starting test: test_createUser
2025-07-28 13:28:30.581 [main] INFO  api.tests.UserTests - Creating user with username: apitestuser123
2025-07-28 13:28:33.833 [main] DEBUG api.tests.UserTests - Response: {
    "code": 200,
    "type": "unknown",
    "message": "12345"
}
2025-07-28 13:28:33.836 [main] INFO  api.tests.UserTests - User created successfully: apitestuser123
2025-07-28 13:28:33.847 [main] INFO  api.tests.UserTests - Starting test: test_getUserByName
2025-07-28 13:28:33.847 [main] INFO  api.tests.UserTests - Fetching user with username: apitestuser123
2025-07-28 13:28:35.933 [main] DEBUG api.tests.UserTests - Response: {
    "id": 12345,
    "username": "apitestuser123",
    "firstName": "Kyle Royce",
    "lastName": "Dicki",
    "email": "briana.terry@example.com",
    "password": "Test@123",
    "phone": "1234567890",
    "userStatus": 1
}
2025-07-28 13:28:35.934 [main] INFO  api.tests.UserTests - User fetched successfully: apitestuser123
2025-07-28 13:28:35.941 [main] INFO  api.tests.UserTests - Starting test: test_modifyUser
2025-07-28 13:28:35.943 [main] INFO  api.tests.UserTests - Modifying user with username: apitestuser123
2025-07-28 13:28:38.068 [main] DEBUG api.tests.UserTests - Response: {
    "code": 200,
    "type": "unknown",
    "message": "12345"
}
2025-07-28 13:28:38.068 [main] INFO  api.tests.UserTests - User modified successfully: apitestuser123
2025-07-28 13:28:38.071 [main] INFO  api.tests.UserTests - Starting test: test_deleteUserByName
2025-07-28 13:28:38.071 [main] INFO  api.tests.UserTests - Deleting user with username: apitestuser123
2025-07-28 13:28:39.714 [main] DEBUG api.tests.UserTests - Response: {
    "code": 200,
    "type": "unknown",
    "message": "apitestuser123"
}
2025-07-28 13:28:39.715 [main] INFO  api.tests.UserTests - User deleted successfully: apitestuser123
2025-07-28 13:28:39.722 [main] INFO  api.tests.UserTests - Starting test: test_createUser
2025-07-28 13:28:39.723 [main] INFO  api.tests.UserTests - Creating user with username: apitestuser123
2025-07-28 13:28:41.659 [main] DEBUG api.tests.UserTests - Response: {
    "code": 200,
    "type": "unknown",
    "message": "12345"
}
2025-07-28 13:28:41.661 [main] INFO  api.tests.UserTests - User created successfully: apitestuser123
2025-07-28 13:28:41.668 [main] INFO  api.tests.UserTests - Starting test: test_getUserByName
2025-07-28 13:28:41.669 [main] INFO  api.tests.UserTests - Fetching user with username: apitestuser123
2025-07-28 13:28:43.300 [main] DEBUG api.tests.UserTests - Response: {
    "id": 12345,
    "username": "apitestuser123",
    "firstName": "Prendahl na Ghezn",
    "lastName": "Schneider",
    "email": "buford.renner@example.com",
    "password": "Test@123",
    "phone": "1234567890",
    "userStatus": 1
}
2025-07-28 13:28:43.301 [main] INFO  api.tests.UserTests - User fetched successfully: apitestuser123
2025-07-28 13:28:43.308 [main] INFO  api.tests.UserTests - Starting test: test_modifyUser
2025-07-28 13:28:43.309 [main] INFO  api.tests.UserTests - Modifying user with username: apitestuser123
2025-07-28 13:28:45.447 [main] DEBUG api.tests.UserTests - Response: {
    "code": 200,
    "type": "unknown",
    "message": "12345"
}
2025-07-28 13:28:45.448 [main] INFO  api.tests.UserTests - User modified successfully: apitestuser123
2025-07-28 13:28:45.455 [main] INFO  api.tests.UserTests - Starting test: test_deleteUserByName
2025-07-28 13:28:45.456 [main] INFO  api.tests.UserTests - Deleting user with username: apitestuser123
2025-07-28 13:28:47.296 [main] DEBUG api.tests.UserTests - Response: {
    "code": 200,
    "type": "unknown",
    "message": "apitestuser123"
}
2025-07-28 13:28:47.297 [main] INFO  api.tests.UserTests - User deleted successfully: apitestuser123
2025-07-28 13:28:47.677 [main] DEBUG org.apache.poi.openxml4j.opc.PackageRelationshipCollection - Parsing relationship: /xl/_rels/workbook.xml.rels
2025-07-28 13:28:47.680 [main] DEBUG org.apache.poi.openxml4j.opc.PackageRelationshipCollection - Parsing relationship: /_rels/.rels
2025-07-28 13:28:48.026 [main] DEBUG org.apache.poi.openxml4j.opc.PackageRelationshipCollection - Parsing relationship: /xl/_rels/workbook.xml.rels
2025-07-28 13:28:48.028 [main] DEBUG org.apache.poi.openxml4j.opc.PackageRelationshipCollection - Parsing relationship: /_rels/.rels
2025-07-28 13:28:48.069 [main] DEBUG org.apache.poi.openxml4j.opc.PackageRelationshipCollection - Parsing relationship: /xl/_rels/workbook.xml.rels
2025-07-28 13:28:48.070 [main] DEBUG org.apache.poi.openxml4j.opc.PackageRelationshipCollection - Parsing relationship: /_rels/.rels
2025-07-28 13:28:48.115 [main] DEBUG org.apache.poi.openxml4j.opc.PackageRelationshipCollection - Parsing relationship: /xl/_rels/workbook.xml.rels
2025-07-28 13:28:48.116 [main] DEBUG org.apache.poi.openxml4j.opc.PackageRelationshipCollection - Parsing relationship: /_rels/.rels
2025-07-28 13:28:48.145 [main] DEBUG org.apache.poi.openxml4j.opc.PackageRelationshipCollection - Parsing relationship: /xl/_rels/workbook.xml.rels
2025-07-28 13:28:48.147 [main] DEBUG org.apache.poi.openxml4j.opc.PackageRelationshipCollection - Parsing relationship: /_rels/.rels
2025-07-28 13:28:48.168 [main] DEBUG org.apache.poi.openxml4j.opc.PackageRelationshipCollection - Parsing relationship: /xl/_rels/workbook.xml.rels
2025-07-28 13:28:48.169 [main] DEBUG org.apache.poi.openxml4j.opc.PackageRelationshipCollection - Parsing relationship: /_rels/.rels
2025-07-28 13:28:48.189 [main] DEBUG org.apache.poi.openxml4j.opc.PackageRelationshipCollection - Parsing relationship: /xl/_rels/workbook.xml.rels
2025-07-28 13:28:48.191 [main] DEBUG org.apache.poi.openxml4j.opc.PackageRelationshipCollection - Parsing relationship: /_rels/.rels
2025-07-28 13:28:48.211 [main] DEBUG org.apache.poi.openxml4j.opc.PackageRelationshipCollection - Parsing relationship: /xl/_rels/workbook.xml.rels
2025-07-28 13:28:48.213 [main] DEBUG org.apache.poi.openxml4j.opc.PackageRelationshipCollection - Parsing relationship: /_rels/.rels
2025-07-28 13:28:48.236 [main] DEBUG org.apache.poi.openxml4j.opc.PackageRelationshipCollection - Parsing relationship: /xl/_rels/workbook.xml.rels
2025-07-28 13:28:48.237 [main] DEBUG org.apache.poi.openxml4j.opc.PackageRelationshipCollection - Parsing relationship: /_rels/.rels
2025-07-28 13:28:48.255 [main] DEBUG org.apache.poi.openxml4j.opc.PackageRelationshipCollection - Parsing relationship: /xl/_rels/workbook.xml.rels
2025-07-28 13:28:48.256 [main] DEBUG org.apache.poi.openxml4j.opc.PackageRelationshipCollection - Parsing relationship: /_rels/.rels
2025-07-28 13:28:48.272 [main] DEBUG org.apache.poi.openxml4j.opc.PackageRelationshipCollection - Parsing relationship: /xl/_rels/workbook.xml.rels
2025-07-28 13:28:48.273 [main] DEBUG org.apache.poi.openxml4j.opc.PackageRelationshipCollection - Parsing relationship: /_rels/.rels
2025-07-28 13:28:48.290 [main] DEBUG org.apache.poi.openxml4j.opc.PackageRelationshipCollection - Parsing relationship: /xl/_rels/workbook.xml.rels
2025-07-28 13:28:48.291 [main] DEBUG org.apache.poi.openxml4j.opc.PackageRelationshipCollection - Parsing relationship: /_rels/.rels
2025-07-28 13:28:48.311 [main] DEBUG org.apache.poi.openxml4j.opc.PackageRelationshipCollection - Parsing relationship: /xl/_rels/workbook.xml.rels
2025-07-28 13:28:48.313 [main] DEBUG org.apache.poi.openxml4j.opc.PackageRelationshipCollection - Parsing relationship: /_rels/.rels
2025-07-28 13:28:48.334 [main] DEBUG org.apache.poi.openxml4j.opc.PackageRelationshipCollection - Parsing relationship: /xl/_rels/workbook.xml.rels
2025-07-28 13:28:48.335 [main] DEBUG org.apache.poi.openxml4j.opc.PackageRelationshipCollection - Parsing relationship: /_rels/.rels
2025-07-28 13:28:48.353 [main] DEBUG org.apache.poi.openxml4j.opc.PackageRelationshipCollection - Parsing relationship: /xl/_rels/workbook.xml.rels
2025-07-28 13:28:48.354 [main] DEBUG org.apache.poi.openxml4j.opc.PackageRelationshipCollection - Parsing relationship: /_rels/.rels
2025-07-28 13:28:48.370 [main] DEBUG org.apache.poi.openxml4j.opc.PackageRelationshipCollection - Parsing relationship: /xl/_rels/workbook.xml.rels
2025-07-28 13:28:48.371 [main] DEBUG org.apache.poi.openxml4j.opc.PackageRelationshipCollection - Parsing relationship: /_rels/.rels
2025-07-28 13:28:48.390 [main] DEBUG org.apache.poi.openxml4j.opc.PackageRelationshipCollection - Parsing relationship: /xl/_rels/workbook.xml.rels
2025-07-28 13:28:48.391 [main] DEBUG org.apache.poi.openxml4j.opc.PackageRelationshipCollection - Parsing relationship: /_rels/.rels
2025-07-28 13:28:48.410 [main] DEBUG org.apache.poi.openxml4j.opc.PackageRelationshipCollection - Parsing relationship: /xl/_rels/workbook.xml.rels
2025-07-28 13:28:48.411 [main] DEBUG org.apache.poi.openxml4j.opc.PackageRelationshipCollection - Parsing relationship: /_rels/.rels
2025-07-28 13:28:48.429 [main] DEBUG org.apache.poi.openxml4j.opc.PackageRelationshipCollection - Parsing relationship: /xl/_rels/workbook.xml.rels
2025-07-28 13:28:48.431 [main] DEBUG org.apache.poi.openxml4j.opc.PackageRelationshipCollection - Parsing relationship: /_rels/.rels
2025-07-28 13:28:48.445 [main] DEBUG org.apache.poi.openxml4j.opc.PackageRelationshipCollection - Parsing relationship: /xl/_rels/workbook.xml.rels
2025-07-28 13:28:48.447 [main] DEBUG org.apache.poi.openxml4j.opc.PackageRelationshipCollection - Parsing relationship: /_rels/.rels
2025-07-28 13:28:48.468 [main] DEBUG org.apache.poi.openxml4j.opc.PackageRelationshipCollection - Parsing relationship: /xl/_rels/workbook.xml.rels
2025-07-28 13:28:48.470 [main] DEBUG org.apache.poi.openxml4j.opc.PackageRelationshipCollection - Parsing relationship: /_rels/.rels
2025-07-28 13:28:48.492 [main] DEBUG org.apache.poi.openxml4j.opc.PackageRelationshipCollection - Parsing relationship: /xl/_rels/workbook.xml.rels
2025-07-28 13:28:48.493 [main] DEBUG org.apache.poi.openxml4j.opc.PackageRelationshipCollection - Parsing relationship: /_rels/.rels
2025-07-28 13:28:48.514 [main] DEBUG org.apache.poi.openxml4j.opc.PackageRelationshipCollection - Parsing relationship: /xl/_rels/workbook.xml.rels
2025-07-28 13:28:48.516 [main] DEBUG org.apache.poi.openxml4j.opc.PackageRelationshipCollection - Parsing relationship: /_rels/.rels
2025-07-28 13:28:48.536 [main] INFO  api.tests.DDTests - Starting test: test_createUser
2025-07-28 13:28:48.537 [main] INFO  api.tests.DDTests - Creating user with username: testuser1
2025-07-28 13:28:50.953 [main] DEBUG api.tests.DDTests - Response: {
    "code": 200,
    "type": "unknown",
    "message": "1010"
}
2025-07-28 13:28:50.954 [main] INFO  api.tests.DDTests - User created successfully: testuser1
2025-07-28 13:28:50.959 [main] INFO  api.tests.DDTests - Starting test: test_createUser
2025-07-28 13:28:50.960 [main] INFO  api.tests.DDTests - Creating user with username: testuser2
2025-07-28 13:28:52.619 [main] DEBUG api.tests.DDTests - Response: {
    "code": 200,
    "type": "unknown",
    "message": "1020"
}
2025-07-28 13:28:52.620 [main] INFO  api.tests.DDTests - User created successfully: testuser2
2025-07-28 13:28:52.624 [main] INFO  api.tests.DDTests - Starting test: test_createUser
2025-07-28 13:28:52.625 [main] INFO  api.tests.DDTests - Creating user with username: testuser3
2025-07-28 13:28:54.151 [main] DEBUG api.tests.DDTests - Response: {
    "code": 200,
    "type": "unknown",
    "message": "1030"
}
2025-07-28 13:28:54.152 [main] INFO  api.tests.DDTests - User created successfully: testuser3
2025-07-28 13:28:54.168 [main] DEBUG org.apache.poi.openxml4j.opc.PackageRelationshipCollection - Parsing relationship: /xl/_rels/workbook.xml.rels
2025-07-28 13:28:54.171 [main] DEBUG org.apache.poi.openxml4j.opc.PackageRelationshipCollection - Parsing relationship: /_rels/.rels
2025-07-28 13:28:54.199 [main] DEBUG org.apache.poi.openxml4j.opc.PackageRelationshipCollection - Parsing relationship: /xl/_rels/workbook.xml.rels
2025-07-28 13:28:54.200 [main] DEBUG org.apache.poi.openxml4j.opc.PackageRelationshipCollection - Parsing relationship: /_rels/.rels
2025-07-28 13:28:54.217 [main] DEBUG org.apache.poi.openxml4j.opc.PackageRelationshipCollection - Parsing relationship: /xl/_rels/workbook.xml.rels
2025-07-28 13:28:54.219 [main] DEBUG org.apache.poi.openxml4j.opc.PackageRelationshipCollection - Parsing relationship: /_rels/.rels
2025-07-28 13:28:54.238 [main] DEBUG org.apache.poi.openxml4j.opc.PackageRelationshipCollection - Parsing relationship: /xl/_rels/workbook.xml.rels
2025-07-28 13:28:54.240 [main] DEBUG org.apache.poi.openxml4j.opc.PackageRelationshipCollection - Parsing relationship: /_rels/.rels
2025-07-28 13:28:54.253 [main] INFO  api.tests.DDTests - Starting test: test_deleteUser
2025-07-28 13:28:54.254 [main] INFO  api.tests.DDTests - Attempting to delete user: testuser1
2025-07-28 13:28:56.097 [main] INFO  api.tests.DDTests - getUser Response: {
    "id": 1010,
    "username": "testuser1",
    "firstName": "John",
    "lastName": "Canedy",
    "email": "A@gmail.com",
    "password": "test@1",
    "phone": "1234567897",
    "userStatus": 1
}
2025-07-28 13:28:56.098 [main] INFO  api.tests.DDTests - Sending delete request for user: testuser1
2025-07-28 13:28:58.146 [main] INFO  api.tests.DDTests - Delete Response: 
2025-07-28 13:28:58.148 [main] WARN  api.tests.DDTests - Retrying delete operation: Attempt 1
2025-07-28 13:29:00.908 [main] INFO  api.tests.DDTests - Delete Response: 
2025-07-28 13:29:00.910 [main] WARN  api.tests.DDTests - Retrying delete operation: Attempt 2
2025-07-28 13:29:03.672 [main] INFO  api.tests.DDTests - Delete Response: 
2025-07-28 13:29:03.673 [main] WARN  api.tests.DDTests - Retrying delete operation: Attempt 3
2025-07-28 13:29:06.239 [main] INFO  api.tests.DDTests - Delete Response: 
2025-07-28 13:29:06.239 [main] WARN  api.tests.DDTests - Retrying delete operation: Attempt 4
2025-07-28 13:29:09.533 [main] INFO  api.tests.DDTests - Delete Response: 
2025-07-28 13:29:09.534 [main] WARN  api.tests.DDTests - Retrying delete operation: Attempt 5
2025-07-28 13:29:10.534 [main] ERROR api.tests.DDTests - Failed to delete user after retries: testuser1
2025-07-28 13:29:10.551 [main] INFO  api.tests.DDTests - Starting test: test_deleteUser
2025-07-28 13:29:10.552 [main] INFO  api.tests.DDTests - Attempting to delete user: testuser2
2025-07-28 13:29:12.786 [main] WARN  api.tests.DDTests - Retrying to check user existence: Attempt 1
2025-07-28 13:29:15.349 [main] INFO  api.tests.DDTests - getUser Response: {
    "id": 1020,
    "username": "testuser2",
    "firstName": "Kim",
    "lastName": "Kom",
    "email": "A@gmail.com",
    "password": "test@2",
    "phone": "1234567897",
    "userStatus": 1
}
2025-07-28 13:29:15.350 [main] INFO  api.tests.DDTests - Sending delete request for user: testuser2
2025-07-28 13:29:16.983 [main] INFO  api.tests.DDTests - Delete Response: {
    "code": 200,
    "type": "unknown",
    "message": "testuser2"
}
2025-07-28 13:29:16.984 [main] INFO  api.tests.DDTests - User deleted successfully: testuser2
2025-07-28 13:29:16.985 [main] INFO  api.tests.DDTests - Starting test: test_deleteUser
2025-07-28 13:29:16.985 [main] INFO  api.tests.DDTests - Attempting to delete user: testuser3
2025-07-28 13:29:18.481 [main] INFO  api.tests.DDTests - getUser Response: {
    "id": 1030,
    "username": "testuser3",
    "firstName": "Smith",
    "lastName": "Steve",
    "email": "A@gmail.com",
    "password": "test@3",
    "phone": "1234567897",
    "userStatus": 1
}
2025-07-28 13:29:18.482 [main] INFO  api.tests.DDTests - Sending delete request for user: testuser3
2025-07-28 13:29:20.056 [main] INFO  api.tests.DDTests - Delete Response: 
2025-07-28 13:29:20.057 [main] WARN  api.tests.DDTests - Retrying delete operation: Attempt 1
2025-07-28 13:29:22.616 [main] INFO  api.tests.DDTests - Delete Response: 
2025-07-28 13:29:22.616 [main] WARN  api.tests.DDTests - Retrying delete operation: Attempt 2
2025-07-28 13:29:24.983 [main] INFO  api.tests.DDTests - Delete Response: {
    "code": 200,
    "type": "unknown",
    "message": "testuser3"
}
2025-07-28 13:29:24.985 [main] INFO  api.tests.DDTests - User deleted successfully: testuser3
