2025-07-28 13:35:22.113 [main] DEBUG org.testng.TestNG - suiteXmlPath: "/home/afzhal/MyNotes/Power/API automation/API-Automation-Framework/testng.xml"
2025-07-28 13:35:22.134 [main] INFO  org.testng.internal.Utils - [XmlSuite] [WARN] 'parallel' value 'false' is no longer valid, defaulting to 'none'.
2025-07-28 13:35:22.530 [main] INFO  api.tests.UserTests - Setup completed for UserTests
2025-07-28 13:35:22.539 [main] INFO  api.tests.UserTests - Starting test: test_createUser
2025-07-28 13:35:22.539 [main] INFO  api.tests.UserTests - Creating user with username: apitestuser123
2025-07-28 13:35:26.387 [main] DEBUG api.tests.UserTests - Response: {
    "code": 200,
    "type": "unknown",
    "message": "12345"
}
2025-07-28 13:35:26.390 [main] INFO  api.tests.UserTests - User created successfully: apitestuser123
2025-07-28 13:35:26.401 [main] INFO  api.tests.UserTests - Starting test: test_getUserByName
2025-07-28 13:35:26.402 [main] INFO  api.tests.UserTests - Fetching user with username: apitestuser123
2025-07-28 13:35:28.102 [main] DEBUG api.tests.UserTests - Response: {
    "id": 12345,
    "username": "apitestuser123",
    "firstName": "John",
    "lastName": "Doe",
    "email": "john.doe@example.com",
    "password": "Test@123",
    "phone": "1234567890",
    "userStatus": 1
}
2025-07-28 13:35:28.104 [main] INFO  api.tests.UserTests - User fetched successfully: apitestuser123
2025-07-28 13:35:28.113 [main] INFO  api.tests.UserTests - Starting test: test_modifyUser
2025-07-28 13:35:28.115 [main] INFO  api.tests.UserTests - Modifying user with username: apitestuser123
2025-07-28 13:35:30.038 [main] DEBUG api.tests.UserTests - Response: {
    "code": 200,
    "type": "unknown",
    "message": "12345"
}
2025-07-28 13:35:30.039 [main] INFO  api.tests.UserTests - User modified successfully: apitestuser123
2025-07-28 13:35:30.046 [main] INFO  api.tests.UserTests - Starting test: test_deleteUserByName
2025-07-28 13:35:30.047 [main] INFO  api.tests.UserTests - Deleting user with username: apitestuser123
2025-07-28 13:35:31.983 [main] DEBUG api.tests.UserTests - Response: {
    "code": 200,
    "type": "unknown",
    "message": "apitestuser123"
}
2025-07-28 13:35:31.984 [main] INFO  api.tests.UserTests - User deleted successfully: apitestuser123
2025-07-28 13:35:31.991 [main] INFO  api.tests.UserTests - Starting test: test_createUser
2025-07-28 13:35:31.993 [main] INFO  api.tests.UserTests - Creating user with username: apitestuser123
2025-07-28 13:35:33.810 [main] DEBUG api.tests.UserTests - Response: {
    "code": 200,
    "type": "unknown",
    "message": "12345"
}
2025-07-28 13:35:33.810 [main] INFO  api.tests.UserTests - User created successfully: apitestuser123
2025-07-28 13:35:33.812 [main] INFO  api.tests.UserTests - Starting test: test_getUserByName
2025-07-28 13:35:33.813 [main] INFO  api.tests.UserTests - Fetching user with username: apitestuser123
2025-07-28 13:35:35.773 [main] DEBUG api.tests.UserTests - Response: {
    "id": 12345,
    "username": "apitestuser123",
    "firstName": "Addam Osgrey",
    "lastName": "Koepp",
    "email": "ariane.hilll@example.com",
    "password": "Test@123",
    "phone": "1234567890",
    "userStatus": 1
}
2025-07-28 13:35:35.774 [main] INFO  api.tests.UserTests - User fetched successfully: apitestuser123
2025-07-28 13:35:35.779 [main] INFO  api.tests.UserTests - Starting test: test_modifyUser
2025-07-28 13:35:35.781 [main] INFO  api.tests.UserTests - Modifying user with username: apitestuser123
2025-07-28 13:35:37.410 [main] DEBUG api.tests.UserTests - Response: {
    "code": 200,
    "type": "unknown",
    "message": "12345"
}
2025-07-28 13:35:37.412 [main] INFO  api.tests.UserTests - User modified successfully: apitestuser123
2025-07-28 13:35:37.418 [main] INFO  api.tests.UserTests - Starting test: test_deleteUserByName
2025-07-28 13:35:37.419 [main] INFO  api.tests.UserTests - Deleting user with username: apitestuser123
2025-07-28 13:35:39.150 [main] DEBUG api.tests.UserTests - Response: {
    "code": 200,
    "type": "unknown",
    "message": "apitestuser123"
}
2025-07-28 13:35:39.152 [main] INFO  api.tests.UserTests - User deleted successfully: apitestuser123
2025-07-28 13:35:39.526 [main] DEBUG org.apache.poi.openxml4j.opc.PackageRelationshipCollection - Parsing relationship: /xl/_rels/workbook.xml.rels
2025-07-28 13:35:39.528 [main] DEBUG org.apache.poi.openxml4j.opc.PackageRelationshipCollection - Parsing relationship: /_rels/.rels
2025-07-28 13:35:39.856 [main] DEBUG org.apache.poi.openxml4j.opc.PackageRelationshipCollection - Parsing relationship: /xl/_rels/workbook.xml.rels
2025-07-28 13:35:39.857 [main] DEBUG org.apache.poi.openxml4j.opc.PackageRelationshipCollection - Parsing relationship: /_rels/.rels
2025-07-28 13:35:39.880 [main] DEBUG org.apache.poi.openxml4j.opc.PackageRelationshipCollection - Parsing relationship: /xl/_rels/workbook.xml.rels
2025-07-28 13:35:39.881 [main] DEBUG org.apache.poi.openxml4j.opc.PackageRelationshipCollection - Parsing relationship: /_rels/.rels
2025-07-28 13:35:39.926 [main] DEBUG org.apache.poi.openxml4j.opc.PackageRelationshipCollection - Parsing relationship: /xl/_rels/workbook.xml.rels
2025-07-28 13:35:39.927 [main] DEBUG org.apache.poi.openxml4j.opc.PackageRelationshipCollection - Parsing relationship: /_rels/.rels
2025-07-28 13:35:39.959 [main] DEBUG org.apache.poi.openxml4j.opc.PackageRelationshipCollection - Parsing relationship: /xl/_rels/workbook.xml.rels
2025-07-28 13:35:39.961 [main] DEBUG org.apache.poi.openxml4j.opc.PackageRelationshipCollection - Parsing relationship: /_rels/.rels
2025-07-28 13:35:39.980 [main] DEBUG org.apache.poi.openxml4j.opc.PackageRelationshipCollection - Parsing relationship: /xl/_rels/workbook.xml.rels
2025-07-28 13:35:39.982 [main] DEBUG org.apache.poi.openxml4j.opc.PackageRelationshipCollection - Parsing relationship: /_rels/.rels
2025-07-28 13:35:40.001 [main] DEBUG org.apache.poi.openxml4j.opc.PackageRelationshipCollection - Parsing relationship: /xl/_rels/workbook.xml.rels
2025-07-28 13:35:40.002 [main] DEBUG org.apache.poi.openxml4j.opc.PackageRelationshipCollection - Parsing relationship: /_rels/.rels
2025-07-28 13:35:40.021 [main] DEBUG org.apache.poi.openxml4j.opc.PackageRelationshipCollection - Parsing relationship: /xl/_rels/workbook.xml.rels
2025-07-28 13:35:40.022 [main] DEBUG org.apache.poi.openxml4j.opc.PackageRelationshipCollection - Parsing relationship: /_rels/.rels
2025-07-28 13:35:40.045 [main] DEBUG org.apache.poi.openxml4j.opc.PackageRelationshipCollection - Parsing relationship: /xl/_rels/workbook.xml.rels
2025-07-28 13:35:40.046 [main] DEBUG org.apache.poi.openxml4j.opc.PackageRelationshipCollection - Parsing relationship: /_rels/.rels
2025-07-28 13:35:40.066 [main] DEBUG org.apache.poi.openxml4j.opc.PackageRelationshipCollection - Parsing relationship: /xl/_rels/workbook.xml.rels
2025-07-28 13:35:40.067 [main] DEBUG org.apache.poi.openxml4j.opc.PackageRelationshipCollection - Parsing relationship: /_rels/.rels
2025-07-28 13:35:40.085 [main] DEBUG org.apache.poi.openxml4j.opc.PackageRelationshipCollection - Parsing relationship: /xl/_rels/workbook.xml.rels
2025-07-28 13:35:40.086 [main] DEBUG org.apache.poi.openxml4j.opc.PackageRelationshipCollection - Parsing relationship: /_rels/.rels
2025-07-28 13:35:40.102 [main] DEBUG org.apache.poi.openxml4j.opc.PackageRelationshipCollection - Parsing relationship: /xl/_rels/workbook.xml.rels
2025-07-28 13:35:40.103 [main] DEBUG org.apache.poi.openxml4j.opc.PackageRelationshipCollection - Parsing relationship: /_rels/.rels
2025-07-28 13:35:40.123 [main] DEBUG org.apache.poi.openxml4j.opc.PackageRelationshipCollection - Parsing relationship: /xl/_rels/workbook.xml.rels
2025-07-28 13:35:40.125 [main] DEBUG org.apache.poi.openxml4j.opc.PackageRelationshipCollection - Parsing relationship: /_rels/.rels
2025-07-28 13:35:40.146 [main] DEBUG org.apache.poi.openxml4j.opc.PackageRelationshipCollection - Parsing relationship: /xl/_rels/workbook.xml.rels
2025-07-28 13:35:40.147 [main] DEBUG org.apache.poi.openxml4j.opc.PackageRelationshipCollection - Parsing relationship: /_rels/.rels
2025-07-28 13:35:40.164 [main] DEBUG org.apache.poi.openxml4j.opc.PackageRelationshipCollection - Parsing relationship: /xl/_rels/workbook.xml.rels
2025-07-28 13:35:40.165 [main] DEBUG org.apache.poi.openxml4j.opc.PackageRelationshipCollection - Parsing relationship: /_rels/.rels
2025-07-28 13:35:40.181 [main] DEBUG org.apache.poi.openxml4j.opc.PackageRelationshipCollection - Parsing relationship: /xl/_rels/workbook.xml.rels
2025-07-28 13:35:40.182 [main] DEBUG org.apache.poi.openxml4j.opc.PackageRelationshipCollection - Parsing relationship: /_rels/.rels
2025-07-28 13:35:40.200 [main] DEBUG org.apache.poi.openxml4j.opc.PackageRelationshipCollection - Parsing relationship: /xl/_rels/workbook.xml.rels
2025-07-28 13:35:40.202 [main] DEBUG org.apache.poi.openxml4j.opc.PackageRelationshipCollection - Parsing relationship: /_rels/.rels
2025-07-28 13:35:40.222 [main] DEBUG org.apache.poi.openxml4j.opc.PackageRelationshipCollection - Parsing relationship: /xl/_rels/workbook.xml.rels
2025-07-28 13:35:40.224 [main] DEBUG org.apache.poi.openxml4j.opc.PackageRelationshipCollection - Parsing relationship: /_rels/.rels
2025-07-28 13:35:40.244 [main] DEBUG org.apache.poi.openxml4j.opc.PackageRelationshipCollection - Parsing relationship: /xl/_rels/workbook.xml.rels
2025-07-28 13:35:40.245 [main] DEBUG org.apache.poi.openxml4j.opc.PackageRelationshipCollection - Parsing relationship: /_rels/.rels
2025-07-28 13:35:40.261 [main] DEBUG org.apache.poi.openxml4j.opc.PackageRelationshipCollection - Parsing relationship: /xl/_rels/workbook.xml.rels
2025-07-28 13:35:40.262 [main] DEBUG org.apache.poi.openxml4j.opc.PackageRelationshipCollection - Parsing relationship: /_rels/.rels
2025-07-28 13:35:40.275 [main] DEBUG org.apache.poi.openxml4j.opc.PackageRelationshipCollection - Parsing relationship: /xl/_rels/workbook.xml.rels
2025-07-28 13:35:40.277 [main] DEBUG org.apache.poi.openxml4j.opc.PackageRelationshipCollection - Parsing relationship: /_rels/.rels
2025-07-28 13:35:40.291 [main] DEBUG org.apache.poi.openxml4j.opc.PackageRelationshipCollection - Parsing relationship: /xl/_rels/workbook.xml.rels
2025-07-28 13:35:40.292 [main] DEBUG org.apache.poi.openxml4j.opc.PackageRelationshipCollection - Parsing relationship: /_rels/.rels
2025-07-28 13:35:40.306 [main] DEBUG org.apache.poi.openxml4j.opc.PackageRelationshipCollection - Parsing relationship: /xl/_rels/workbook.xml.rels
2025-07-28 13:35:40.308 [main] DEBUG org.apache.poi.openxml4j.opc.PackageRelationshipCollection - Parsing relationship: /_rels/.rels
2025-07-28 13:35:40.327 [main] INFO  api.tests.DDTests - Starting test: test_createUser
2025-07-28 13:35:40.328 [main] INFO  api.tests.DDTests - Creating user with username: testuser1
2025-07-28 13:35:42.222 [main] DEBUG api.tests.DDTests - Response: {
    "code": 200,
    "type": "unknown",
    "message": "1010"
}
2025-07-28 13:35:42.223 [main] INFO  api.tests.DDTests - User created successfully: testuser1
2025-07-28 13:35:42.228 [main] INFO  api.tests.DDTests - Starting test: test_createUser
2025-07-28 13:35:42.229 [main] INFO  api.tests.DDTests - Creating user with username: testuser2
2025-07-28 13:35:44.069 [main] DEBUG api.tests.DDTests - Response: {
    "code": 200,
    "type": "unknown",
    "message": "1020"
}
2025-07-28 13:35:44.070 [main] INFO  api.tests.DDTests - User created successfully: testuser2
2025-07-28 13:35:44.073 [main] INFO  api.tests.DDTests - Starting test: test_createUser
2025-07-28 13:35:44.074 [main] INFO  api.tests.DDTests - Creating user with username: testuser3
2025-07-28 13:35:45.810 [main] DEBUG api.tests.DDTests - Response: {
    "code": 200,
    "type": "unknown",
    "message": "1030"
}
2025-07-28 13:35:45.812 [main] INFO  api.tests.DDTests - User created successfully: testuser3
2025-07-28 13:35:45.829 [main] DEBUG org.apache.poi.openxml4j.opc.PackageRelationshipCollection - Parsing relationship: /xl/_rels/workbook.xml.rels
2025-07-28 13:35:45.832 [main] DEBUG org.apache.poi.openxml4j.opc.PackageRelationshipCollection - Parsing relationship: /_rels/.rels
2025-07-28 13:35:45.855 [main] DEBUG org.apache.poi.openxml4j.opc.PackageRelationshipCollection - Parsing relationship: /xl/_rels/workbook.xml.rels
2025-07-28 13:35:45.856 [main] DEBUG org.apache.poi.openxml4j.opc.PackageRelationshipCollection - Parsing relationship: /_rels/.rels
2025-07-28 13:35:45.870 [main] DEBUG org.apache.poi.openxml4j.opc.PackageRelationshipCollection - Parsing relationship: /xl/_rels/workbook.xml.rels
2025-07-28 13:35:45.872 [main] DEBUG org.apache.poi.openxml4j.opc.PackageRelationshipCollection - Parsing relationship: /_rels/.rels
2025-07-28 13:35:45.891 [main] DEBUG org.apache.poi.openxml4j.opc.PackageRelationshipCollection - Parsing relationship: /xl/_rels/workbook.xml.rels
2025-07-28 13:35:45.892 [main] DEBUG org.apache.poi.openxml4j.opc.PackageRelationshipCollection - Parsing relationship: /_rels/.rels
2025-07-28 13:35:45.907 [main] INFO  api.tests.DDTests - Starting test: test_deleteUser
2025-07-28 13:35:45.907 [main] INFO  api.tests.DDTests - Attempting to delete user: testuser1
2025-07-28 13:35:47.591 [main] WARN  api.tests.DDTests - Retrying to check user existence: Attempt 1
2025-07-28 13:35:50.417 [main] INFO  api.tests.DDTests - getUser Response: {
    "id": 1010,
    "username": "testuser1",
    "firstName": "John",
    "lastName": "Canedy",
    "email": "A@gmail.com",
    "password": "test@1",
    "phone": "1234567897",
    "userStatus": 1
}
2025-07-28 13:35:50.418 [main] INFO  api.tests.DDTests - Sending delete request for user: testuser1
2025-07-28 13:35:52.368 [main] INFO  api.tests.DDTests - Delete Response: {
    "code": 200,
    "type": "unknown",
    "message": "testuser1"
}
2025-07-28 13:35:52.369 [main] INFO  api.tests.DDTests - User deleted successfully: testuser1
2025-07-28 13:35:52.373 [main] INFO  api.tests.DDTests - Starting test: test_deleteUser
2025-07-28 13:35:52.374 [main] INFO  api.tests.DDTests - Attempting to delete user: testuser2
2025-07-28 13:35:54.107 [main] WARN  api.tests.DDTests - Retrying to check user existence: Attempt 1
2025-07-28 13:35:56.764 [main] INFO  api.tests.DDTests - getUser Response: {
    "id": 1020,
    "username": "testuser2",
    "firstName": "Kim",
    "lastName": "Kom",
    "email": "A@gmail.com",
    "password": "test@2",
    "phone": "1234567897",
    "userStatus": 1
}
2025-07-28 13:35:56.765 [main] INFO  api.tests.DDTests - Sending delete request for user: testuser2
2025-07-28 13:35:58.605 [main] INFO  api.tests.DDTests - Delete Response: 
2025-07-28 13:35:58.607 [main] WARN  api.tests.DDTests - Retrying delete operation: Attempt 1
2025-07-28 13:36:01.122 [main] INFO  api.tests.DDTests - Delete Response: {
    "code": 200,
    "type": "unknown",
    "message": "testuser2"
}
2025-07-28 13:36:01.123 [main] INFO  api.tests.DDTests - User deleted successfully: testuser2
2025-07-28 13:36:01.123 [main] INFO  api.tests.DDTests - Starting test: test_deleteUser
2025-07-28 13:36:01.124 [main] INFO  api.tests.DDTests - Attempting to delete user: testuser3
2025-07-28 13:36:02.494 [main] WARN  api.tests.DDTests - Retrying to check user existence: Attempt 1
2025-07-28 13:36:05.468 [main] INFO  api.tests.DDTests - getUser Response: {
    "id": 1030,
    "username": "testuser3",
    "firstName": "Smith",
    "lastName": "Steve",
    "email": "A@gmail.com",
    "password": "test@3",
    "phone": "1234567897",
    "userStatus": 1
}
2025-07-28 13:36:05.469 [main] INFO  api.tests.DDTests - Sending delete request for user: testuser3
2025-07-28 13:36:06.900 [main] INFO  api.tests.DDTests - Delete Response: {
    "code": 200,
    "type": "unknown",
    "message": "testuser3"
}
2025-07-28 13:36:06.901 [main] INFO  api.tests.DDTests - User deleted successfully: testuser3
